[0.354s] Invoking command in '/root/ros2_ws/src/behaviour_planner_pkg': AMENT_PREFIX_PATH=/root/ros2_ws/install/autodrive_msgs:${AMENT_PREFIX_PATH} CMAKE_PREFIX_PATH=/root/ros2_ws/install/autodrive_msgs:${CMAKE_PREFIX_PATH} LD_LIBRARY_PATH=/root/ros2_ws/install/autodrive_msgs/lib:${LD_LIBRARY_PATH} PYTHONPATH=/root/ros2_ws/build/behaviour_planner_pkg/prefix_override:/usr/lib/python3/dist-packages/colcon_core/task/python/colcon_distutils_commands:/root/ros2_ws/install/behaviour_planner_pkg/lib/python3.10/site-packages:/root/ros2_ws/install/autodrive_msgs/local/lib/python3.10/dist-packages:${PYTHONPATH} /usr/bin/python3 -W ignore:setup.py install is deprecated -W ignore:easy_install command is deprecated setup.py egg_info --egg-base ../../build/behaviour_planner_pkg build --build-base /root/ros2_ws/build/behaviour_planner_pkg/build install --record /root/ros2_ws/build/behaviour_planner_pkg/install.log --single-version-externally-managed install_data
[0.489s] running egg_info
[0.489s] creating ../../build/behaviour_planner_pkg/behaviour_planner_pkg.egg-info
[0.489s] writing ../../build/behaviour_planner_pkg/behaviour_planner_pkg.egg-info/PKG-INFO
[0.489s] writing dependency_links to ../../build/behaviour_planner_pkg/behaviour_planner_pkg.egg-info/dependency_links.txt
[0.489s] writing entry points to ../../build/behaviour_planner_pkg/behaviour_planner_pkg.egg-info/entry_points.txt
[0.490s] writing requirements to ../../build/behaviour_planner_pkg/behaviour_planner_pkg.egg-info/requires.txt
[0.490s] writing top-level names to ../../build/behaviour_planner_pkg/behaviour_planner_pkg.egg-info/top_level.txt
[0.490s] writing manifest file '../../build/behaviour_planner_pkg/behaviour_planner_pkg.egg-info/SOURCES.txt'
[0.490s] reading manifest file '../../build/behaviour_planner_pkg/behaviour_planner_pkg.egg-info/SOURCES.txt'
[0.491s] writing manifest file '../../build/behaviour_planner_pkg/behaviour_planner_pkg.egg-info/SOURCES.txt'
[0.491s] running build
[0.491s] running build_py
[0.491s] creating /root/ros2_ws/build/behaviour_planner_pkg/build
[0.492s] creating /root/ros2_ws/build/behaviour_planner_pkg/build/lib
[0.492s] creating /root/ros2_ws/build/behaviour_planner_pkg/build/lib/behaviour_planner_pkg
[0.492s] copying behaviour_planner_pkg/behaviour_planner.py -> /root/ros2_ws/build/behaviour_planner_pkg/build/lib/behaviour_planner_pkg
[0.492s] copying behaviour_planner_pkg/behaviour_tree.py -> /root/ros2_ws/build/behaviour_planner_pkg/build/lib/behaviour_planner_pkg
[0.492s] copying behaviour_planner_pkg/speed_limit.py -> /root/ros2_ws/build/behaviour_planner_pkg/build/lib/behaviour_planner_pkg
[0.492s] copying behaviour_planner_pkg/utilities.py -> /root/ros2_ws/build/behaviour_planner_pkg/build/lib/behaviour_planner_pkg
[0.492s] copying behaviour_planner_pkg/simple_timer.py -> /root/ros2_ws/build/behaviour_planner_pkg/build/lib/behaviour_planner_pkg
[0.492s] copying behaviour_planner_pkg/__init__.py -> /root/ros2_ws/build/behaviour_planner_pkg/build/lib/behaviour_planner_pkg
[0.493s] copying behaviour_planner_pkg/dynamic_obstacle.py -> /root/ros2_ws/build/behaviour_planner_pkg/build/lib/behaviour_planner_pkg
[0.493s] copying behaviour_planner_pkg/static_obstacle.py -> /root/ros2_ws/build/behaviour_planner_pkg/build/lib/behaviour_planner_pkg
[0.493s] copying behaviour_planner_pkg/railroad_crossing.py -> /root/ros2_ws/build/behaviour_planner_pkg/build/lib/behaviour_planner_pkg
[0.493s] copying behaviour_planner_pkg/traffic_light.py -> /root/ros2_ws/build/behaviour_planner_pkg/build/lib/behaviour_planner_pkg
[0.493s] copying behaviour_planner_pkg/traffic_sign.py -> /root/ros2_ws/build/behaviour_planner_pkg/build/lib/behaviour_planner_pkg
[0.493s] running install
[0.493s] running install_lib
[0.494s] creating /root/ros2_ws/install/behaviour_planner_pkg/lib/python3.10/site-packages/behaviour_planner_pkg
[0.494s] copying /root/ros2_ws/build/behaviour_planner_pkg/build/lib/behaviour_planner_pkg/behaviour_planner.py -> /root/ros2_ws/install/behaviour_planner_pkg/lib/python3.10/site-packages/behaviour_planner_pkg
[0.494s] copying /root/ros2_ws/build/behaviour_planner_pkg/build/lib/behaviour_planner_pkg/behaviour_tree.py -> /root/ros2_ws/install/behaviour_planner_pkg/lib/python3.10/site-packages/behaviour_planner_pkg
[0.494s] copying /root/ros2_ws/build/behaviour_planner_pkg/build/lib/behaviour_planner_pkg/speed_limit.py -> /root/ros2_ws/install/behaviour_planner_pkg/lib/python3.10/site-packages/behaviour_planner_pkg
[0.494s] copying /root/ros2_ws/build/behaviour_planner_pkg/build/lib/behaviour_planner_pkg/utilities.py -> /root/ros2_ws/install/behaviour_planner_pkg/lib/python3.10/site-packages/behaviour_planner_pkg
[0.494s] copying /root/ros2_ws/build/behaviour_planner_pkg/build/lib/behaviour_planner_pkg/simple_timer.py -> /root/ros2_ws/install/behaviour_planner_pkg/lib/python3.10/site-packages/behaviour_planner_pkg
[0.494s] copying /root/ros2_ws/build/behaviour_planner_pkg/build/lib/behaviour_planner_pkg/__init__.py -> /root/ros2_ws/install/behaviour_planner_pkg/lib/python3.10/site-packages/behaviour_planner_pkg
[0.494s] copying /root/ros2_ws/build/behaviour_planner_pkg/build/lib/behaviour_planner_pkg/dynamic_obstacle.py -> /root/ros2_ws/install/behaviour_planner_pkg/lib/python3.10/site-packages/behaviour_planner_pkg
[0.494s] copying /root/ros2_ws/build/behaviour_planner_pkg/build/lib/behaviour_planner_pkg/static_obstacle.py -> /root/ros2_ws/install/behaviour_planner_pkg/lib/python3.10/site-packages/behaviour_planner_pkg
[0.494s] copying /root/ros2_ws/build/behaviour_planner_pkg/build/lib/behaviour_planner_pkg/railroad_crossing.py -> /root/ros2_ws/install/behaviour_planner_pkg/lib/python3.10/site-packages/behaviour_planner_pkg
[0.495s] copying /root/ros2_ws/build/behaviour_planner_pkg/build/lib/behaviour_planner_pkg/traffic_light.py -> /root/ros2_ws/install/behaviour_planner_pkg/lib/python3.10/site-packages/behaviour_planner_pkg
[0.495s] copying /root/ros2_ws/build/behaviour_planner_pkg/build/lib/behaviour_planner_pkg/traffic_sign.py -> /root/ros2_ws/install/behaviour_planner_pkg/lib/python3.10/site-packages/behaviour_planner_pkg
[0.495s] byte-compiling /root/ros2_ws/install/behaviour_planner_pkg/lib/python3.10/site-packages/behaviour_planner_pkg/behaviour_planner.py to behaviour_planner.cpython-310.pyc
[0.496s] byte-compiling /root/ros2_ws/install/behaviour_planner_pkg/lib/python3.10/site-packages/behaviour_planner_pkg/behaviour_tree.py to behaviour_tree.cpython-310.pyc
[0.497s] byte-compiling /root/ros2_ws/install/behaviour_planner_pkg/lib/python3.10/site-packages/behaviour_planner_pkg/speed_limit.py to speed_limit.cpython-310.pyc
[0.497s] byte-compiling /root/ros2_ws/install/behaviour_planner_pkg/lib/python3.10/site-packages/behaviour_planner_pkg/utilities.py to utilities.cpython-310.pyc
[0.498s] byte-compiling /root/ros2_ws/install/behaviour_planner_pkg/lib/python3.10/site-packages/behaviour_planner_pkg/simple_timer.py to simple_timer.cpython-310.pyc
[0.498s] byte-compiling /root/ros2_ws/install/behaviour_planner_pkg/lib/python3.10/site-packages/behaviour_planner_pkg/__init__.py to __init__.cpython-310.pyc
[0.498s] byte-compiling /root/ros2_ws/install/behaviour_planner_pkg/lib/python3.10/site-packages/behaviour_planner_pkg/dynamic_obstacle.py to dynamic_obstacle.cpython-310.pyc
[0.499s] byte-compiling /root/ros2_ws/install/behaviour_planner_pkg/lib/python3.10/site-packages/behaviour_planner_pkg/static_obstacle.py to static_obstacle.cpython-310.pyc
[0.500s] byte-compiling /root/ros2_ws/install/behaviour_planner_pkg/lib/python3.10/site-packages/behaviour_planner_pkg/railroad_crossing.py to railroad_crossing.cpython-310.pyc
[0.500s] byte-compiling /root/ros2_ws/install/behaviour_planner_pkg/lib/python3.10/site-packages/behaviour_planner_pkg/traffic_light.py to traffic_light.cpython-310.pyc
[0.501s] byte-compiling /root/ros2_ws/install/behaviour_planner_pkg/lib/python3.10/site-packages/behaviour_planner_pkg/traffic_sign.py to traffic_sign.cpython-310.pyc
[0.501s] running install_data
[0.501s] creating /root/ros2_ws/install/behaviour_planner_pkg/share/ament_index
[0.502s] creating /root/ros2_ws/install/behaviour_planner_pkg/share/ament_index/resource_index
[0.502s] creating /root/ros2_ws/install/behaviour_planner_pkg/share/ament_index/resource_index/packages
[0.502s] copying resource/behaviour_planner_pkg -> /root/ros2_ws/install/behaviour_planner_pkg/share/ament_index/resource_index/packages
[0.502s] copying package.xml -> /root/ros2_ws/install/behaviour_planner_pkg/share/behaviour_planner_pkg
[0.502s] running install_egg_info
[0.503s] Copying ../../build/behaviour_planner_pkg/behaviour_planner_pkg.egg-info to /root/ros2_ws/install/behaviour_planner_pkg/lib/python3.10/site-packages/behaviour_planner_pkg-0.0.0-py3.10.egg-info
[0.503s] running install_scripts
[0.514s] Installing behaviour_planner script to /root/ros2_ws/install/behaviour_planner_pkg/lib/behaviour_planner_pkg
[0.514s] writing list of installed files to '/root/ros2_ws/build/behaviour_planner_pkg/install.log'
[0.526s] Invoked command in '/root/ros2_ws/src/behaviour_planner_pkg' returned '0': AMENT_PREFIX_PATH=/root/ros2_ws/install/autodrive_msgs:${AMENT_PREFIX_PATH} CMAKE_PREFIX_PATH=/root/ros2_ws/install/autodrive_msgs:${CMAKE_PREFIX_PATH} LD_LIBRARY_PATH=/root/ros2_ws/install/autodrive_msgs/lib:${LD_LIBRARY_PATH} PYTHONPATH=/root/ros2_ws/build/behaviour_planner_pkg/prefix_override:/usr/lib/python3/dist-packages/colcon_core/task/python/colcon_distutils_commands:/root/ros2_ws/install/behaviour_planner_pkg/lib/python3.10/site-packages:/root/ros2_ws/install/autodrive_msgs/local/lib/python3.10/dist-packages:${PYTHONPATH} /usr/bin/python3 -W ignore:setup.py install is deprecated -W ignore:easy_install command is deprecated setup.py egg_info --egg-base ../../build/behaviour_planner_pkg build --build-base /root/ros2_ws/build/behaviour_planner_pkg/build install --record /root/ros2_ws/build/behaviour_planner_pkg/install.log --single-version-externally-managed install_data
