[0.053s] DEBUG:colcon:Command line arguments: ['/usr/bin/colcon', 'build', '--packages-select', 'my_test_pkg']
[0.053s] DEBUG:colcon:Parsed command line arguments: Namespace(log_base=None, log_level=None, verb_name='build', build_base='build', install_base='install', merge_install=False, symlink_install=False, test_result_base=None, continue_on_error=False, executor='parallel', parallel_workers=5, event_handlers=None, ignore_user_meta=False, metas=['./colcon.meta'], base_paths=['.'], packages_ignore=None, packages_ignore_regex=None, paths=None, packages_up_to=None, packages_up_to_regex=None, packages_above=None, packages_above_and_dependencies=None, packages_above_depth=None, packages_select_by_dep=None, packages_skip_by_dep=None, packages_skip_up_to=None, packages_select_build_failed=False, packages_skip_build_finished=False, packages_select_test_failures=False, packages_skip_test_passed=False, packages_select=['my_test_pkg'], packages_skip=None, packages_select_regex=None, packages_skip_regex=None, packages_start=None, packages_end=None, allow_overriding=[], cmake_args=None, cmake_target=None, cmake_target_skip_unavailable=False, cmake_clean_cache=False, cmake_clean_first=False, cmake_force_configure=False, ament_cmake_args=None, catkin_cmake_args=None, catkin_skip_building_tests=False, mixin_files=None, mixin=None, verb_parser=<colcon_mixin.mixin.mixin_argument.MixinArgumentDecorator object at 0xffff8ad42170>, verb_extension=<colcon_core.verb.build.BuildVerb object at 0xffff8aeef790>, main=<bound method BuildVerb.main of <colcon_core.verb.build.BuildVerb object at 0xffff8aeef790>>, mixin_verb=('build',))
[0.129s] Level 1:colcon.colcon_core.package_discovery:discover_packages(colcon_meta) check parameters
[0.129s] Level 1:colcon.colcon_core.package_discovery:discover_packages(recursive) check parameters
[0.129s] Level 1:colcon.colcon_core.package_discovery:discover_packages(ignore) check parameters
[0.129s] Level 1:colcon.colcon_core.package_discovery:discover_packages(path) check parameters
[0.129s] Level 1:colcon.colcon_core.package_discovery:discover_packages(colcon_meta) discover
[0.129s] Level 1:colcon.colcon_core.package_discovery:discover_packages(recursive) discover
[0.129s] INFO:colcon.colcon_core.package_discovery:Crawling recursively for packages in '/root/ros2_ws'
[0.129s] Level 1:colcon.colcon_core.package_identification:_identify(.) by extensions ['ignore', 'ignore_ament_install']
[0.129s] Level 1:colcon.colcon_core.package_identification:_identify(.) by extension 'ignore'
[0.129s] Level 1:colcon.colcon_core.package_identification:_identify(.) by extension 'ignore_ament_install'
[0.129s] Level 1:colcon.colcon_core.package_identification:_identify(.) by extensions ['colcon_pkg']
[0.129s] Level 1:colcon.colcon_core.package_identification:_identify(.) by extension 'colcon_pkg'
[0.129s] Level 1:colcon.colcon_core.package_identification:_identify(.) by extensions ['colcon_meta']
[0.129s] Level 1:colcon.colcon_core.package_identification:_identify(.) by extension 'colcon_meta'
[0.129s] Level 1:colcon.colcon_core.package_identification:_identify(.) by extensions ['ros']
[0.129s] Level 1:colcon.colcon_core.package_identification:_identify(.) by extension 'ros'
[0.135s] Level 1:colcon.colcon_core.package_identification:_identify(.) by extensions ['cmake', 'python']
[0.135s] Level 1:colcon.colcon_core.package_identification:_identify(.) by extension 'cmake'
[0.135s] Level 1:colcon.colcon_core.package_identification:_identify(.) by extension 'python'
[0.135s] Level 1:colcon.colcon_core.package_identification:_identify(.) by extensions ['python_setup_py']
[0.135s] Level 1:colcon.colcon_core.package_identification:_identify(.) by extension 'python_setup_py'
[0.135s] Level 1:colcon.colcon_core.package_identification:_identify(build) by extensions ['ignore', 'ignore_ament_install']
[0.135s] Level 1:colcon.colcon_core.package_identification:_identify(build) by extension 'ignore'
[0.135s] Level 1:colcon.colcon_core.package_identification:_identify(build) ignored
[0.135s] Level 1:colcon.colcon_core.package_identification:_identify(install) by extensions ['ignore', 'ignore_ament_install']
[0.135s] Level 1:colcon.colcon_core.package_identification:_identify(install) by extension 'ignore'
[0.135s] Level 1:colcon.colcon_core.package_identification:_identify(install) ignored
[0.135s] Level 1:colcon.colcon_core.package_identification:_identify(log) by extensions ['ignore', 'ignore_ament_install']
[0.135s] Level 1:colcon.colcon_core.package_identification:_identify(log) by extension 'ignore'
[0.135s] Level 1:colcon.colcon_core.package_identification:_identify(log) ignored
[0.135s] Level 1:colcon.colcon_core.package_identification:_identify(my_test_pkg) by extensions ['ignore', 'ignore_ament_install']
[0.135s] Level 1:colcon.colcon_core.package_identification:_identify(my_test_pkg) by extension 'ignore'
[0.135s] Level 1:colcon.colcon_core.package_identification:_identify(my_test_pkg) by extension 'ignore_ament_install'
[0.135s] Level 1:colcon.colcon_core.package_identification:_identify(my_test_pkg) by extensions ['colcon_pkg']
[0.135s] Level 1:colcon.colcon_core.package_identification:_identify(my_test_pkg) by extension 'colcon_pkg'
[0.135s] Level 1:colcon.colcon_core.package_identification:_identify(my_test_pkg) by extensions ['colcon_meta']
[0.135s] Level 1:colcon.colcon_core.package_identification:_identify(my_test_pkg) by extension 'colcon_meta'
[0.135s] Level 1:colcon.colcon_core.package_identification:_identify(my_test_pkg) by extensions ['ros']
[0.135s] Level 1:colcon.colcon_core.package_identification:_identify(my_test_pkg) by extension 'ros'
[0.135s] Level 1:colcon.colcon_core.package_identification:_identify(my_test_pkg) by extensions ['cmake', 'python']
[0.135s] Level 1:colcon.colcon_core.package_identification:_identify(my_test_pkg) by extension 'cmake'
[0.135s] Level 1:colcon.colcon_core.package_identification:_identify(my_test_pkg) by extension 'python'
[0.136s] Level 1:colcon.colcon_core.package_identification:_identify(my_test_pkg) by extensions ['python_setup_py']
[0.136s] Level 1:colcon.colcon_core.package_identification:_identify(my_test_pkg) by extension 'python_setup_py'
[0.136s] Level 1:colcon.colcon_core.package_identification:_identify(my_test_pkg/my_test_pkg) by extensions ['ignore', 'ignore_ament_install']
[0.136s] Level 1:colcon.colcon_core.package_identification:_identify(my_test_pkg/my_test_pkg) by extension 'ignore'
[0.136s] Level 1:colcon.colcon_core.package_identification:_identify(my_test_pkg/my_test_pkg) by extension 'ignore_ament_install'
[0.136s] Level 1:colcon.colcon_core.package_identification:_identify(my_test_pkg/my_test_pkg) by extensions ['colcon_pkg']
[0.136s] Level 1:colcon.colcon_core.package_identification:_identify(my_test_pkg/my_test_pkg) by extension 'colcon_pkg'
[0.136s] Level 1:colcon.colcon_core.package_identification:_identify(my_test_pkg/my_test_pkg) by extensions ['colcon_meta']
[0.136s] Level 1:colcon.colcon_core.package_identification:_identify(my_test_pkg/my_test_pkg) by extension 'colcon_meta'
[0.136s] Level 1:colcon.colcon_core.package_identification:_identify(my_test_pkg/my_test_pkg) by extensions ['ros']
[0.136s] Level 1:colcon.colcon_core.package_identification:_identify(my_test_pkg/my_test_pkg) by extension 'ros'
[0.136s] Level 1:colcon.colcon_core.package_identification:_identify(my_test_pkg/my_test_pkg) by extensions ['cmake', 'python']
[0.136s] Level 1:colcon.colcon_core.package_identification:_identify(my_test_pkg/my_test_pkg) by extension 'cmake'
[0.136s] Level 1:colcon.colcon_core.package_identification:_identify(my_test_pkg/my_test_pkg) by extension 'python'
[0.136s] Level 1:colcon.colcon_core.package_identification:_identify(my_test_pkg/my_test_pkg) by extensions ['python_setup_py']
[0.136s] Level 1:colcon.colcon_core.package_identification:_identify(my_test_pkg/my_test_pkg) by extension 'python_setup_py'
[0.136s] Level 1:colcon.colcon_core.package_identification:_identify(src) by extensions ['ignore', 'ignore_ament_install']
[0.136s] Level 1:colcon.colcon_core.package_identification:_identify(src) by extension 'ignore'
[0.136s] Level 1:colcon.colcon_core.package_identification:_identify(src) by extension 'ignore_ament_install'
[0.136s] Level 1:colcon.colcon_core.package_identification:_identify(src) by extensions ['colcon_pkg']
[0.136s] Level 1:colcon.colcon_core.package_identification:_identify(src) by extension 'colcon_pkg'
[0.136s] Level 1:colcon.colcon_core.package_identification:_identify(src) by extensions ['colcon_meta']
[0.136s] Level 1:colcon.colcon_core.package_identification:_identify(src) by extension 'colcon_meta'
[0.136s] Level 1:colcon.colcon_core.package_identification:_identify(src) by extensions ['ros']
[0.136s] Level 1:colcon.colcon_core.package_identification:_identify(src) by extension 'ros'
[0.136s] Level 1:colcon.colcon_core.package_identification:_identify(src) by extensions ['cmake', 'python']
[0.136s] Level 1:colcon.colcon_core.package_identification:_identify(src) by extension 'cmake'
[0.136s] Level 1:colcon.colcon_core.package_identification:_identify(src) by extension 'python'
[0.136s] Level 1:colcon.colcon_core.package_identification:_identify(src) by extensions ['python_setup_py']
[0.136s] Level 1:colcon.colcon_core.package_identification:_identify(src) by extension 'python_setup_py'
[0.136s] Level 1:colcon.colcon_core.package_identification:_identify(src/autodrive_msgs) by extensions ['ignore', 'ignore_ament_install']
[0.136s] Level 1:colcon.colcon_core.package_identification:_identify(src/autodrive_msgs) by extension 'ignore'
[0.136s] Level 1:colcon.colcon_core.package_identification:_identify(src/autodrive_msgs) by extension 'ignore_ament_install'
[0.136s] Level 1:colcon.colcon_core.package_identification:_identify(src/autodrive_msgs) by extensions ['colcon_pkg']
[0.136s] Level 1:colcon.colcon_core.package_identification:_identify(src/autodrive_msgs) by extension 'colcon_pkg'
[0.136s] Level 1:colcon.colcon_core.package_identification:_identify(src/autodrive_msgs) by extensions ['colcon_meta']
[0.136s] Level 1:colcon.colcon_core.package_identification:_identify(src/autodrive_msgs) by extension 'colcon_meta'
[0.136s] Level 1:colcon.colcon_core.package_identification:_identify(src/autodrive_msgs) by extensions ['ros']
[0.136s] Level 1:colcon.colcon_core.package_identification:_identify(src/autodrive_msgs) by extension 'ros'
[0.137s] DEBUG:colcon.colcon_core.package_identification:Package 'src/autodrive_msgs' with type 'ros.ament_cmake' and name 'autodrive_msgs'
[0.138s] Level 1:colcon.colcon_core.package_identification:_identify(src/behaviour_planner_pkg) by extensions ['ignore', 'ignore_ament_install']
[0.138s] Level 1:colcon.colcon_core.package_identification:_identify(src/behaviour_planner_pkg) by extension 'ignore'
[0.138s] Level 1:colcon.colcon_core.package_identification:_identify(src/behaviour_planner_pkg) by extension 'ignore_ament_install'
[0.138s] Level 1:colcon.colcon_core.package_identification:_identify(src/behaviour_planner_pkg) by extensions ['colcon_pkg']
[0.138s] Level 1:colcon.colcon_core.package_identification:_identify(src/behaviour_planner_pkg) by extension 'colcon_pkg'
[0.138s] Level 1:colcon.colcon_core.package_identification:_identify(src/behaviour_planner_pkg) by extensions ['colcon_meta']
[0.138s] Level 1:colcon.colcon_core.package_identification:_identify(src/behaviour_planner_pkg) by extension 'colcon_meta'
[0.138s] Level 1:colcon.colcon_core.package_identification:_identify(src/behaviour_planner_pkg) by extensions ['ros']
[0.138s] Level 1:colcon.colcon_core.package_identification:_identify(src/behaviour_planner_pkg) by extension 'ros'
[0.138s] DEBUG:colcon.colcon_core.package_identification:Package 'src/behaviour_planner_pkg' with type 'ros.ament_python' and name 'behaviour_planner_pkg'
[0.138s] Level 1:colcon.colcon_core.package_identification:_identify(src/build) by extensions ['ignore', 'ignore_ament_install']
[0.138s] Level 1:colcon.colcon_core.package_identification:_identify(src/build) by extension 'ignore'
[0.138s] Level 1:colcon.colcon_core.package_identification:_identify(src/build) ignored
[0.138s] Level 1:colcon.colcon_core.package_identification:_identify(src/install) by extensions ['ignore', 'ignore_ament_install']
[0.138s] Level 1:colcon.colcon_core.package_identification:_identify(src/install) by extension 'ignore'
[0.138s] Level 1:colcon.colcon_core.package_identification:_identify(src/install) ignored
[0.138s] Level 1:colcon.colcon_core.package_identification:_identify(src/log) by extensions ['ignore', 'ignore_ament_install']
[0.138s] Level 1:colcon.colcon_core.package_identification:_identify(src/log) by extension 'ignore'
[0.138s] Level 1:colcon.colcon_core.package_identification:_identify(src/log) ignored
[0.138s] Level 1:colcon.colcon_core.package_identification:_identify(src/my_test_pkg) by extensions ['ignore', 'ignore_ament_install']
[0.139s] Level 1:colcon.colcon_core.package_identification:_identify(src/my_test_pkg) by extension 'ignore'
[0.139s] Level 1:colcon.colcon_core.package_identification:_identify(src/my_test_pkg) by extension 'ignore_ament_install'
[0.139s] Level 1:colcon.colcon_core.package_identification:_identify(src/my_test_pkg) by extensions ['colcon_pkg']
[0.139s] Level 1:colcon.colcon_core.package_identification:_identify(src/my_test_pkg) by extension 'colcon_pkg'
[0.139s] Level 1:colcon.colcon_core.package_identification:_identify(src/my_test_pkg) by extensions ['colcon_meta']
[0.139s] Level 1:colcon.colcon_core.package_identification:_identify(src/my_test_pkg) by extension 'colcon_meta'
[0.139s] Level 1:colcon.colcon_core.package_identification:_identify(src/my_test_pkg) by extensions ['ros']
[0.139s] Level 1:colcon.colcon_core.package_identification:_identify(src/my_test_pkg) by extension 'ros'
[0.139s] DEBUG:colcon.colcon_core.package_identification:Package 'src/my_test_pkg' with type 'ros.ament_python' and name 'my_test_pkg'
[0.139s] Level 1:colcon.colcon_core.package_discovery:discover_packages(recursive) using defaults
[0.139s] Level 1:colcon.colcon_core.package_discovery:discover_packages(ignore) discover
[0.139s] Level 1:colcon.colcon_core.package_discovery:discover_packages(ignore) using defaults
[0.139s] Level 1:colcon.colcon_core.package_discovery:discover_packages(path) discover
[0.139s] Level 1:colcon.colcon_core.package_discovery:discover_packages(path) using defaults
[0.152s] INFO:colcon.colcon_core.package_selection:Skipping not selected package 'autodrive_msgs' in 'src/autodrive_msgs'
[0.152s] INFO:colcon.colcon_core.package_selection:Skipping not selected package 'behaviour_planner_pkg' in 'src/behaviour_planner_pkg'
[0.152s] Level 1:colcon.colcon_core.package_discovery:discover_packages(prefix_path) check parameters
[0.152s] Level 1:colcon.colcon_core.package_discovery:discover_packages(prefix_path) discover
[0.153s] DEBUG:colcon.colcon_installed_package_information.package_discovery:Found 3 installed packages in /root/ros2_ws/install
[0.153s] DEBUG:colcon.colcon_installed_package_information.package_discovery:Found 2 installed packages in /root/fullstack_testing_ws/install
[0.154s] DEBUG:colcon.colcon_installed_package_information.package_discovery:Found 287 installed packages in /opt/ros/humble
[0.154s] Level 1:colcon.colcon_core.package_discovery:discover_packages(prefix_path) using defaults
[0.172s] Level 5:colcon.colcon_core.verb:set package 'my_test_pkg' build argument 'cmake_args' from command line to 'None'
[0.172s] Level 5:colcon.colcon_core.verb:set package 'my_test_pkg' build argument 'cmake_target' from command line to 'None'
[0.172s] Level 5:colcon.colcon_core.verb:set package 'my_test_pkg' build argument 'cmake_target_skip_unavailable' from command line to 'False'
[0.172s] Level 5:colcon.colcon_core.verb:set package 'my_test_pkg' build argument 'cmake_clean_cache' from command line to 'False'
[0.172s] Level 5:colcon.colcon_core.verb:set package 'my_test_pkg' build argument 'cmake_clean_first' from command line to 'False'
[0.172s] Level 5:colcon.colcon_core.verb:set package 'my_test_pkg' build argument 'cmake_force_configure' from command line to 'False'
[0.172s] Level 5:colcon.colcon_core.verb:set package 'my_test_pkg' build argument 'ament_cmake_args' from command line to 'None'
[0.172s] Level 5:colcon.colcon_core.verb:set package 'my_test_pkg' build argument 'catkin_cmake_args' from command line to 'None'
[0.172s] Level 5:colcon.colcon_core.verb:set package 'my_test_pkg' build argument 'catkin_skip_building_tests' from command line to 'False'
[0.172s] DEBUG:colcon.colcon_core.verb:Building package 'my_test_pkg' with the following arguments: {'ament_cmake_args': None, 'build_base': '/root/ros2_ws/build/my_test_pkg', 'catkin_cmake_args': None, 'catkin_skip_building_tests': False, 'cmake_args': None, 'cmake_clean_cache': False, 'cmake_clean_first': False, 'cmake_force_configure': False, 'cmake_target': None, 'cmake_target_skip_unavailable': False, 'install_base': '/root/ros2_ws/install/my_test_pkg', 'merge_install': False, 'path': '/root/ros2_ws/src/my_test_pkg', 'symlink_install': False, 'test_result_base': None}
[0.172s] INFO:colcon.colcon_core.executor:Executing jobs using 'parallel' executor
[0.172s] DEBUG:colcon.colcon_parallel_executor.executor.parallel:run_until_complete
[0.172s] INFO:colcon.colcon_ros.task.ament_python.build:Building ROS package in '/root/ros2_ws/src/my_test_pkg' with build type 'ament_python'
[0.172s] Level 1:colcon.colcon_core.shell:create_environment_hook('my_test_pkg', 'ament_prefix_path')
[0.173s] INFO:colcon.colcon_core.plugin_system:Skipping extension 'colcon_core.shell.bat': Not used on non-Windows systems
[0.173s] INFO:colcon.colcon_core.shell:Creating environment hook '/root/ros2_ws/install/my_test_pkg/share/my_test_pkg/hook/ament_prefix_path.ps1'
[0.174s] INFO:colcon.colcon_core.shell:Creating environment descriptor '/root/ros2_ws/install/my_test_pkg/share/my_test_pkg/hook/ament_prefix_path.dsv'
[0.174s] INFO:colcon.colcon_core.shell:Creating environment hook '/root/ros2_ws/install/my_test_pkg/share/my_test_pkg/hook/ament_prefix_path.sh'
[0.174s] INFO:colcon.colcon_core.shell:Skip shell extension 'powershell' for command environment: Not usable outside of PowerShell
[0.174s] DEBUG:colcon.colcon_core.shell:Skip shell extension 'dsv' for command environment
[0.320s] INFO:colcon.colcon_core.task.python.build:Building Python package in '/root/ros2_ws/src/my_test_pkg'
[0.321s] INFO:colcon.colcon_core.shell:Skip shell extension 'powershell' for command environment: Not usable outside of PowerShell
[0.321s] DEBUG:colcon.colcon_core.shell:Skip shell extension 'dsv' for command environment
[0.525s] DEBUG:colcon.colcon_core.event_handler.log_command:Invoking command in '/root/ros2_ws/src/my_test_pkg': PYTHONPATH=/root/ros2_ws/build/my_test_pkg/prefix_override:/usr/lib/python3/dist-packages/colcon_core/task/python/colcon_distutils_commands:/root/ros2_ws/install/my_test_pkg/lib/python3.10/site-packages:${PYTHONPATH} /usr/bin/python3 -W ignore:setup.py install is deprecated -W ignore:easy_install command is deprecated setup.py egg_info --egg-base ../../build/my_test_pkg build --build-base /root/ros2_ws/build/my_test_pkg/build install --record /root/ros2_ws/build/my_test_pkg/install.log --single-version-externally-managed install_data
[0.684s] DEBUG:colcon.colcon_core.event_handler.log_command:Invoked command in '/root/ros2_ws/src/my_test_pkg' returned '0': PYTHONPATH=/root/ros2_ws/build/my_test_pkg/prefix_override:/usr/lib/python3/dist-packages/colcon_core/task/python/colcon_distutils_commands:/root/ros2_ws/install/my_test_pkg/lib/python3.10/site-packages:${PYTHONPATH} /usr/bin/python3 -W ignore:setup.py install is deprecated -W ignore:easy_install command is deprecated setup.py egg_info --egg-base ../../build/my_test_pkg build --build-base /root/ros2_ws/build/my_test_pkg/build install --record /root/ros2_ws/build/my_test_pkg/install.log --single-version-externally-managed install_data
[0.685s] Level 1:colcon.colcon_core.environment:checking '/root/ros2_ws/install/my_test_pkg' for CMake module files
[0.685s] Level 1:colcon.colcon_core.environment:checking '/root/ros2_ws/install/my_test_pkg' for CMake config files
[0.685s] Level 1:colcon.colcon_core.environment:checking '/root/ros2_ws/install/my_test_pkg/lib'
[0.685s] Level 1:colcon.colcon_core.environment:checking '/root/ros2_ws/install/my_test_pkg/bin'
[0.685s] Level 1:colcon.colcon_core.environment:checking '/root/ros2_ws/install/my_test_pkg/lib/pkgconfig/my_test_pkg.pc'
[0.686s] Level 1:colcon.colcon_core.environment:checking '/root/ros2_ws/install/my_test_pkg/lib/python3.10/site-packages'
[0.686s] Level 1:colcon.colcon_core.shell:create_environment_hook('my_test_pkg', 'pythonpath')
[0.686s] INFO:colcon.colcon_core.shell:Creating environment hook '/root/ros2_ws/install/my_test_pkg/share/my_test_pkg/hook/pythonpath.ps1'
[0.686s] INFO:colcon.colcon_core.shell:Creating environment descriptor '/root/ros2_ws/install/my_test_pkg/share/my_test_pkg/hook/pythonpath.dsv'
[0.686s] INFO:colcon.colcon_core.shell:Creating environment hook '/root/ros2_ws/install/my_test_pkg/share/my_test_pkg/hook/pythonpath.sh'
[0.686s] Level 1:colcon.colcon_core.environment:checking '/root/ros2_ws/install/my_test_pkg/bin'
[0.687s] Level 1:colcon.colcon_core.environment:create_environment_scripts_only(my_test_pkg)
[0.687s] INFO:colcon.colcon_core.shell:Creating package script '/root/ros2_ws/install/my_test_pkg/share/my_test_pkg/package.ps1'
[0.687s] INFO:colcon.colcon_core.shell:Creating package descriptor '/root/ros2_ws/install/my_test_pkg/share/my_test_pkg/package.dsv'
[0.687s] INFO:colcon.colcon_core.shell:Creating package script '/root/ros2_ws/install/my_test_pkg/share/my_test_pkg/package.sh'
[0.688s] INFO:colcon.colcon_core.shell:Creating package script '/root/ros2_ws/install/my_test_pkg/share/my_test_pkg/package.bash'
[0.688s] INFO:colcon.colcon_core.shell:Creating package script '/root/ros2_ws/install/my_test_pkg/share/my_test_pkg/package.zsh'
[0.688s] Level 1:colcon.colcon_core.environment:create_file_with_runtime_dependencies(/root/ros2_ws/install/my_test_pkg/share/colcon-core/packages/my_test_pkg)
[0.688s] DEBUG:colcon.colcon_parallel_executor.executor.parallel:closing loop
[0.689s] DEBUG:colcon.colcon_parallel_executor.executor.parallel:loop closed
[0.689s] DEBUG:colcon.colcon_parallel_executor.executor.parallel:run_until_complete finished with '0'
[0.689s] DEBUG:colcon.colcon_core.event_reactor:joining thread
[0.691s] INFO:colcon.colcon_core.plugin_system:Skipping extension 'colcon_notification.desktop_notification.notify_send': Could not find 'notify-send'
[0.691s] INFO:colcon.colcon_core.plugin_system:Skipping extension 'colcon_notification.desktop_notification.terminal_notifier': Not used on non-Darwin systems
[0.692s] INFO:colcon.colcon_core.plugin_system:Skipping extension 'colcon_notification.desktop_notification.win32': Not used on non-Windows systems
[0.692s] INFO:colcon.colcon_notification.desktop_notification:Sending desktop notification using 'notify2'
[0.693s] DEBUG:colcon.colcon_notification.desktop_notification.notify2:Failed to initialize notify2: org.freedesktop.DBus.Error.ServiceUnknown: The name org.freedesktop.Notifications was not provided by any .service files
[0.693s] DEBUG:colcon.colcon_core.event_reactor:joined thread
[0.693s] INFO:colcon.colcon_core.shell:Creating prefix script '/root/ros2_ws/install/local_setup.ps1'
[0.693s] INFO:colcon.colcon_core.shell:Creating prefix util module '/root/ros2_ws/install/_local_setup_util_ps1.py'
[0.694s] INFO:colcon.colcon_core.shell:Creating prefix chain script '/root/ros2_ws/install/setup.ps1'
[0.695s] INFO:colcon.colcon_core.shell:Creating prefix script '/root/ros2_ws/install/local_setup.sh'
[0.695s] INFO:colcon.colcon_core.shell:Creating prefix util module '/root/ros2_ws/install/_local_setup_util_sh.py'
[0.695s] INFO:colcon.colcon_core.shell:Creating prefix chain script '/root/ros2_ws/install/setup.sh'
[0.696s] INFO:colcon.colcon_core.shell:Creating prefix script '/root/ros2_ws/install/local_setup.bash'
[0.696s] INFO:colcon.colcon_core.shell:Creating prefix chain script '/root/ros2_ws/install/setup.bash'
[0.697s] INFO:colcon.colcon_core.shell:Creating prefix script '/root/ros2_ws/install/local_setup.zsh'
[0.697s] INFO:colcon.colcon_core.shell:Creating prefix chain script '/root/ros2_ws/install/setup.zsh'
