/root/ros2_ws/install/behaviour_planner_pkg/lib/python3.10/site-packages/behaviour_planner_pkg/behaviour_planner.py
/root/ros2_ws/install/behaviour_planner_pkg/lib/python3.10/site-packages/behaviour_planner_pkg/behaviour_tree.py
/root/ros2_ws/install/behaviour_planner_pkg/lib/python3.10/site-packages/behaviour_planner_pkg/speed_limit.py
/root/ros2_ws/install/behaviour_planner_pkg/lib/python3.10/site-packages/behaviour_planner_pkg/utilities.py
/root/ros2_ws/install/behaviour_planner_pkg/lib/python3.10/site-packages/behaviour_planner_pkg/simple_timer.py
/root/ros2_ws/install/behaviour_planner_pkg/lib/python3.10/site-packages/behaviour_planner_pkg/__init__.py
/root/ros2_ws/install/behaviour_planner_pkg/lib/python3.10/site-packages/behaviour_planner_pkg/dynamic_obstacle.py
/root/ros2_ws/install/behaviour_planner_pkg/lib/python3.10/site-packages/behaviour_planner_pkg/static_obstacle.py
/root/ros2_ws/install/behaviour_planner_pkg/lib/python3.10/site-packages/behaviour_planner_pkg/railroad_crossing.py
/root/ros2_ws/install/behaviour_planner_pkg/lib/python3.10/site-packages/behaviour_planner_pkg/traffic_light.py
/root/ros2_ws/install/behaviour_planner_pkg/lib/python3.10/site-packages/behaviour_planner_pkg/traffic_sign.py
/root/ros2_ws/install/behaviour_planner_pkg/lib/python3.10/site-packages/behaviour_planner_pkg/__pycache__/behaviour_planner.cpython-310.pyc
/root/ros2_ws/install/behaviour_planner_pkg/lib/python3.10/site-packages/behaviour_planner_pkg/__pycache__/behaviour_tree.cpython-310.pyc
/root/ros2_ws/install/behaviour_planner_pkg/lib/python3.10/site-packages/behaviour_planner_pkg/__pycache__/speed_limit.cpython-310.pyc
/root/ros2_ws/install/behaviour_planner_pkg/lib/python3.10/site-packages/behaviour_planner_pkg/__pycache__/utilities.cpython-310.pyc
/root/ros2_ws/install/behaviour_planner_pkg/lib/python3.10/site-packages/behaviour_planner_pkg/__pycache__/simple_timer.cpython-310.pyc
/root/ros2_ws/install/behaviour_planner_pkg/lib/python3.10/site-packages/behaviour_planner_pkg/__pycache__/__init__.cpython-310.pyc
/root/ros2_ws/install/behaviour_planner_pkg/lib/python3.10/site-packages/behaviour_planner_pkg/__pycache__/dynamic_obstacle.cpython-310.pyc
/root/ros2_ws/install/behaviour_planner_pkg/lib/python3.10/site-packages/behaviour_planner_pkg/__pycache__/static_obstacle.cpython-310.pyc
/root/ros2_ws/install/behaviour_planner_pkg/lib/python3.10/site-packages/behaviour_planner_pkg/__pycache__/railroad_crossing.cpython-310.pyc
/root/ros2_ws/install/behaviour_planner_pkg/lib/python3.10/site-packages/behaviour_planner_pkg/__pycache__/traffic_light.cpython-310.pyc
/root/ros2_ws/install/behaviour_planner_pkg/lib/python3.10/site-packages/behaviour_planner_pkg/__pycache__/traffic_sign.cpython-310.pyc
/root/ros2_ws/install/behaviour_planner_pkg/share/ament_index/resource_index/packages/behaviour_planner_pkg
/root/ros2_ws/install/behaviour_planner_pkg/share/behaviour_planner_pkg/package.xml
/root/ros2_ws/install/behaviour_planner_pkg/lib/python3.10/site-packages/behaviour_planner_pkg-0.0.0-py3.10.egg-info/dependency_links.txt
/root/ros2_ws/install/behaviour_planner_pkg/lib/python3.10/site-packages/behaviour_planner_pkg-0.0.0-py3.10.egg-info/PKG-INFO
/root/ros2_ws/install/behaviour_planner_pkg/lib/python3.10/site-packages/behaviour_planner_pkg-0.0.0-py3.10.egg-info/zip-safe
/root/ros2_ws/install/behaviour_planner_pkg/lib/python3.10/site-packages/behaviour_planner_pkg-0.0.0-py3.10.egg-info/SOURCES.txt
/root/ros2_ws/install/behaviour_planner_pkg/lib/python3.10/site-packages/behaviour_planner_pkg-0.0.0-py3.10.egg-info/requires.txt
/root/ros2_ws/install/behaviour_planner_pkg/lib/python3.10/site-packages/behaviour_planner_pkg-0.0.0-py3.10.egg-info/top_level.txt
/root/ros2_ws/install/behaviour_planner_pkg/lib/python3.10/site-packages/behaviour_planner_pkg-0.0.0-py3.10.egg-info/entry_points.txt
/root/ros2_ws/install/behaviour_planner_pkg/lib/behaviour_planner_pkg/behaviour_planner
