[0.054s] DEBUG:colcon:Command line arguments: ['/usr/bin/colcon', 'build']
[0.054s] DEBUG:colcon:Parsed command line arguments: Namespace(log_base=None, log_level=None, verb_name='build', build_base='build', install_base='install', merge_install=False, symlink_install=False, test_result_base=None, continue_on_error=False, executor='parallel', parallel_workers=5, event_handlers=None, ignore_user_meta=False, metas=['./colcon.meta'], base_paths=['.'], packages_ignore=None, packages_ignore_regex=None, paths=None, packages_up_to=None, packages_up_to_regex=None, packages_above=None, packages_above_and_dependencies=None, packages_above_depth=None, packages_select_by_dep=None, packages_skip_by_dep=None, packages_skip_up_to=None, packages_select_build_failed=False, packages_skip_build_finished=False, packages_select_test_failures=False, packages_skip_test_passed=False, packages_select=None, packages_skip=None, packages_select_regex=None, packages_skip_regex=None, packages_start=None, packages_end=None, allow_overriding=[], cmake_args=None, cmake_target=None, cmake_target_skip_unavailable=False, cmake_clean_cache=False, cmake_clean_first=False, cmake_force_configure=False, ament_cmake_args=None, catkin_cmake_args=None, catkin_skip_building_tests=False, mixin_files=None, mixin=None, verb_parser=<colcon_mixin.mixin.mixin_argument.MixinArgumentDecorator object at 0xffff8f5a2ce0>, verb_extension=<colcon_core.verb.build.BuildVerb object at 0xffff8f788340>, main=<bound method BuildVerb.main of <colcon_core.verb.build.BuildVerb object at 0xffff8f788340>>, mixin_verb=('build',))
[0.124s] Level 1:colcon.colcon_core.package_discovery:discover_packages(colcon_meta) check parameters
[0.124s] Level 1:colcon.colcon_core.package_discovery:discover_packages(recursive) check parameters
[0.124s] Level 1:colcon.colcon_core.package_discovery:discover_packages(ignore) check parameters
[0.124s] Level 1:colcon.colcon_core.package_discovery:discover_packages(path) check parameters
[0.124s] Level 1:colcon.colcon_core.package_discovery:discover_packages(colcon_meta) discover
[0.124s] Level 1:colcon.colcon_core.package_discovery:discover_packages(recursive) discover
[0.124s] INFO:colcon.colcon_core.package_discovery:Crawling recursively for packages in '/root/ros2_ws'
[0.124s] Level 1:colcon.colcon_core.package_identification:_identify(.) by extensions ['ignore', 'ignore_ament_install']
[0.124s] Level 1:colcon.colcon_core.package_identification:_identify(.) by extension 'ignore'
[0.124s] Level 1:colcon.colcon_core.package_identification:_identify(.) by extension 'ignore_ament_install'
[0.124s] Level 1:colcon.colcon_core.package_identification:_identify(.) by extensions ['colcon_pkg']
[0.124s] Level 1:colcon.colcon_core.package_identification:_identify(.) by extension 'colcon_pkg'
[0.124s] Level 1:colcon.colcon_core.package_identification:_identify(.) by extensions ['colcon_meta']
[0.124s] Level 1:colcon.colcon_core.package_identification:_identify(.) by extension 'colcon_meta'
[0.124s] Level 1:colcon.colcon_core.package_identification:_identify(.) by extensions ['ros']
[0.124s] Level 1:colcon.colcon_core.package_identification:_identify(.) by extension 'ros'
[0.130s] Level 1:colcon.colcon_core.package_identification:_identify(.) by extensions ['cmake', 'python']
[0.130s] Level 1:colcon.colcon_core.package_identification:_identify(.) by extension 'cmake'
[0.130s] Level 1:colcon.colcon_core.package_identification:_identify(.) by extension 'python'
[0.130s] Level 1:colcon.colcon_core.package_identification:_identify(.) by extensions ['python_setup_py']
[0.130s] Level 1:colcon.colcon_core.package_identification:_identify(.) by extension 'python_setup_py'
[0.130s] Level 1:colcon.colcon_core.package_identification:_identify(build) by extensions ['ignore', 'ignore_ament_install']
[0.130s] Level 1:colcon.colcon_core.package_identification:_identify(build) by extension 'ignore'
[0.130s] Level 1:colcon.colcon_core.package_identification:_identify(build) ignored
[0.130s] Level 1:colcon.colcon_core.package_identification:_identify(install) by extensions ['ignore', 'ignore_ament_install']
[0.130s] Level 1:colcon.colcon_core.package_identification:_identify(install) by extension 'ignore'
[0.130s] Level 1:colcon.colcon_core.package_identification:_identify(install) ignored
[0.130s] Level 1:colcon.colcon_core.package_identification:_identify(log) by extensions ['ignore', 'ignore_ament_install']
[0.130s] Level 1:colcon.colcon_core.package_identification:_identify(log) by extension 'ignore'
[0.130s] Level 1:colcon.colcon_core.package_identification:_identify(log) ignored
[0.130s] Level 1:colcon.colcon_core.package_identification:_identify(src) by extensions ['ignore', 'ignore_ament_install']
[0.130s] Level 1:colcon.colcon_core.package_identification:_identify(src) by extension 'ignore'
[0.130s] Level 1:colcon.colcon_core.package_identification:_identify(src) by extension 'ignore_ament_install'
[0.130s] Level 1:colcon.colcon_core.package_identification:_identify(src) by extensions ['colcon_pkg']
[0.130s] Level 1:colcon.colcon_core.package_identification:_identify(src) by extension 'colcon_pkg'
[0.130s] Level 1:colcon.colcon_core.package_identification:_identify(src) by extensions ['colcon_meta']
[0.131s] Level 1:colcon.colcon_core.package_identification:_identify(src) by extension 'colcon_meta'
[0.131s] Level 1:colcon.colcon_core.package_identification:_identify(src) by extensions ['ros']
[0.131s] Level 1:colcon.colcon_core.package_identification:_identify(src) by extension 'ros'
[0.131s] Level 1:colcon.colcon_core.package_identification:_identify(src) by extensions ['cmake', 'python']
[0.131s] Level 1:colcon.colcon_core.package_identification:_identify(src) by extension 'cmake'
[0.131s] Level 1:colcon.colcon_core.package_identification:_identify(src) by extension 'python'
[0.131s] Level 1:colcon.colcon_core.package_identification:_identify(src) by extensions ['python_setup_py']
[0.131s] Level 1:colcon.colcon_core.package_identification:_identify(src) by extension 'python_setup_py'
[0.131s] Level 1:colcon.colcon_core.package_identification:_identify(src/autodrive_msgs) by extensions ['ignore', 'ignore_ament_install']
[0.131s] Level 1:colcon.colcon_core.package_identification:_identify(src/autodrive_msgs) by extension 'ignore'
[0.131s] Level 1:colcon.colcon_core.package_identification:_identify(src/autodrive_msgs) by extension 'ignore_ament_install'
[0.131s] Level 1:colcon.colcon_core.package_identification:_identify(src/autodrive_msgs) by extensions ['colcon_pkg']
[0.131s] Level 1:colcon.colcon_core.package_identification:_identify(src/autodrive_msgs) by extension 'colcon_pkg'
[0.131s] Level 1:colcon.colcon_core.package_identification:_identify(src/autodrive_msgs) by extensions ['colcon_meta']
[0.131s] Level 1:colcon.colcon_core.package_identification:_identify(src/autodrive_msgs) by extension 'colcon_meta'
[0.131s] Level 1:colcon.colcon_core.package_identification:_identify(src/autodrive_msgs) by extensions ['ros']
[0.131s] Level 1:colcon.colcon_core.package_identification:_identify(src/autodrive_msgs) by extension 'ros'
[0.132s] DEBUG:colcon.colcon_core.package_identification:Package 'src/autodrive_msgs' with type 'ros.ament_cmake' and name 'autodrive_msgs'
[0.132s] Level 1:colcon.colcon_core.package_identification:_identify(src/behaviour_planner_pkg) by extensions ['ignore', 'ignore_ament_install']
[0.132s] Level 1:colcon.colcon_core.package_identification:_identify(src/behaviour_planner_pkg) by extension 'ignore'
[0.132s] Level 1:colcon.colcon_core.package_identification:_identify(src/behaviour_planner_pkg) by extension 'ignore_ament_install'
[0.132s] Level 1:colcon.colcon_core.package_identification:_identify(src/behaviour_planner_pkg) by extensions ['colcon_pkg']
[0.132s] Level 1:colcon.colcon_core.package_identification:_identify(src/behaviour_planner_pkg) by extension 'colcon_pkg'
[0.132s] Level 1:colcon.colcon_core.package_identification:_identify(src/behaviour_planner_pkg) by extensions ['colcon_meta']
[0.132s] Level 1:colcon.colcon_core.package_identification:_identify(src/behaviour_planner_pkg) by extension 'colcon_meta'
[0.132s] Level 1:colcon.colcon_core.package_identification:_identify(src/behaviour_planner_pkg) by extensions ['ros']
[0.132s] Level 1:colcon.colcon_core.package_identification:_identify(src/behaviour_planner_pkg) by extension 'ros'
[0.133s] DEBUG:colcon.colcon_core.package_identification:Package 'src/behaviour_planner_pkg' with type 'ros.ament_python' and name 'behaviour_planner_pkg'
[0.133s] Level 1:colcon.colcon_core.package_identification:_identify(src/build) by extensions ['ignore', 'ignore_ament_install']
[0.133s] Level 1:colcon.colcon_core.package_identification:_identify(src/build) by extension 'ignore'
[0.133s] Level 1:colcon.colcon_core.package_identification:_identify(src/build) ignored
[0.133s] Level 1:colcon.colcon_core.package_identification:_identify(src/install) by extensions ['ignore', 'ignore_ament_install']
[0.133s] Level 1:colcon.colcon_core.package_identification:_identify(src/install) by extension 'ignore'
[0.133s] Level 1:colcon.colcon_core.package_identification:_identify(src/install) ignored
[0.133s] Level 1:colcon.colcon_core.package_identification:_identify(src/log) by extensions ['ignore', 'ignore_ament_install']
[0.133s] Level 1:colcon.colcon_core.package_identification:_identify(src/log) by extension 'ignore'
[0.133s] Level 1:colcon.colcon_core.package_identification:_identify(src/log) ignored
[0.133s] Level 1:colcon.colcon_core.package_identification:_identify(src/my_test_pkg) by extensions ['ignore', 'ignore_ament_install']
[0.133s] Level 1:colcon.colcon_core.package_identification:_identify(src/my_test_pkg) by extension 'ignore'
[0.133s] Level 1:colcon.colcon_core.package_identification:_identify(src/my_test_pkg) by extension 'ignore_ament_install'
[0.133s] Level 1:colcon.colcon_core.package_identification:_identify(src/my_test_pkg) by extensions ['colcon_pkg']
[0.133s] Level 1:colcon.colcon_core.package_identification:_identify(src/my_test_pkg) by extension 'colcon_pkg'
[0.133s] Level 1:colcon.colcon_core.package_identification:_identify(src/my_test_pkg) by extensions ['colcon_meta']
[0.133s] Level 1:colcon.colcon_core.package_identification:_identify(src/my_test_pkg) by extension 'colcon_meta'
[0.133s] Level 1:colcon.colcon_core.package_identification:_identify(src/my_test_pkg) by extensions ['ros']
[0.133s] Level 1:colcon.colcon_core.package_identification:_identify(src/my_test_pkg) by extension 'ros'
[0.134s] DEBUG:colcon.colcon_core.package_identification:Package 'src/my_test_pkg' with type 'ros.ament_python' and name 'my_test_pkg'
[0.134s] Level 1:colcon.colcon_core.package_discovery:discover_packages(recursive) using defaults
[0.134s] Level 1:colcon.colcon_core.package_discovery:discover_packages(ignore) discover
[0.134s] Level 1:colcon.colcon_core.package_discovery:discover_packages(ignore) using defaults
[0.134s] Level 1:colcon.colcon_core.package_discovery:discover_packages(path) discover
[0.134s] Level 1:colcon.colcon_core.package_discovery:discover_packages(path) using defaults
[0.147s] Level 1:colcon.colcon_core.package_discovery:discover_packages(prefix_path) check parameters
[0.147s] Level 1:colcon.colcon_core.package_discovery:discover_packages(prefix_path) discover
[0.148s] DEBUG:colcon.colcon_installed_package_information.package_discovery:Found 3 installed packages in /root/ros2_ws/install
[0.149s] DEBUG:colcon.colcon_installed_package_information.package_discovery:Found 2 installed packages in /root/fullstack_testing_ws/install
[0.149s] DEBUG:colcon.colcon_installed_package_information.package_discovery:Found 287 installed packages in /opt/ros/humble
[0.150s] Level 1:colcon.colcon_core.package_discovery:discover_packages(prefix_path) using defaults
[0.167s] Level 5:colcon.colcon_core.verb:set package 'autodrive_msgs' build argument 'cmake_args' from command line to 'None'
[0.167s] Level 5:colcon.colcon_core.verb:set package 'autodrive_msgs' build argument 'cmake_target' from command line to 'None'
[0.167s] Level 5:colcon.colcon_core.verb:set package 'autodrive_msgs' build argument 'cmake_target_skip_unavailable' from command line to 'False'
[0.167s] Level 5:colcon.colcon_core.verb:set package 'autodrive_msgs' build argument 'cmake_clean_cache' from command line to 'False'
[0.167s] Level 5:colcon.colcon_core.verb:set package 'autodrive_msgs' build argument 'cmake_clean_first' from command line to 'False'
[0.167s] Level 5:colcon.colcon_core.verb:set package 'autodrive_msgs' build argument 'cmake_force_configure' from command line to 'False'
[0.167s] Level 5:colcon.colcon_core.verb:set package 'autodrive_msgs' build argument 'ament_cmake_args' from command line to 'None'
[0.167s] Level 5:colcon.colcon_core.verb:set package 'autodrive_msgs' build argument 'catkin_cmake_args' from command line to 'None'
[0.167s] Level 5:colcon.colcon_core.verb:set package 'autodrive_msgs' build argument 'catkin_skip_building_tests' from command line to 'False'
[0.167s] DEBUG:colcon.colcon_core.verb:Building package 'autodrive_msgs' with the following arguments: {'ament_cmake_args': None, 'build_base': '/root/ros2_ws/build/autodrive_msgs', 'catkin_cmake_args': None, 'catkin_skip_building_tests': False, 'cmake_args': None, 'cmake_clean_cache': False, 'cmake_clean_first': False, 'cmake_force_configure': False, 'cmake_target': None, 'cmake_target_skip_unavailable': False, 'install_base': '/root/ros2_ws/install/autodrive_msgs', 'merge_install': False, 'path': '/root/ros2_ws/src/autodrive_msgs', 'symlink_install': False, 'test_result_base': None}
[0.167s] Level 5:colcon.colcon_core.verb:set package 'my_test_pkg' build argument 'cmake_args' from command line to 'None'
[0.167s] Level 5:colcon.colcon_core.verb:set package 'my_test_pkg' build argument 'cmake_target' from command line to 'None'
[0.167s] Level 5:colcon.colcon_core.verb:set package 'my_test_pkg' build argument 'cmake_target_skip_unavailable' from command line to 'False'
[0.167s] Level 5:colcon.colcon_core.verb:set package 'my_test_pkg' build argument 'cmake_clean_cache' from command line to 'False'
[0.167s] Level 5:colcon.colcon_core.verb:set package 'my_test_pkg' build argument 'cmake_clean_first' from command line to 'False'
[0.167s] Level 5:colcon.colcon_core.verb:set package 'my_test_pkg' build argument 'cmake_force_configure' from command line to 'False'
[0.167s] Level 5:colcon.colcon_core.verb:set package 'my_test_pkg' build argument 'ament_cmake_args' from command line to 'None'
[0.167s] Level 5:colcon.colcon_core.verb:set package 'my_test_pkg' build argument 'catkin_cmake_args' from command line to 'None'
[0.167s] Level 5:colcon.colcon_core.verb:set package 'my_test_pkg' build argument 'catkin_skip_building_tests' from command line to 'False'
[0.167s] DEBUG:colcon.colcon_core.verb:Building package 'my_test_pkg' with the following arguments: {'ament_cmake_args': None, 'build_base': '/root/ros2_ws/build/my_test_pkg', 'catkin_cmake_args': None, 'catkin_skip_building_tests': False, 'cmake_args': None, 'cmake_clean_cache': False, 'cmake_clean_first': False, 'cmake_force_configure': False, 'cmake_target': None, 'cmake_target_skip_unavailable': False, 'install_base': '/root/ros2_ws/install/my_test_pkg', 'merge_install': False, 'path': '/root/ros2_ws/src/my_test_pkg', 'symlink_install': False, 'test_result_base': None}
[0.167s] Level 5:colcon.colcon_core.verb:set package 'behaviour_planner_pkg' build argument 'cmake_args' from command line to 'None'
[0.167s] Level 5:colcon.colcon_core.verb:set package 'behaviour_planner_pkg' build argument 'cmake_target' from command line to 'None'
[0.167s] Level 5:colcon.colcon_core.verb:set package 'behaviour_planner_pkg' build argument 'cmake_target_skip_unavailable' from command line to 'False'
[0.167s] Level 5:colcon.colcon_core.verb:set package 'behaviour_planner_pkg' build argument 'cmake_clean_cache' from command line to 'False'
[0.167s] Level 5:colcon.colcon_core.verb:set package 'behaviour_planner_pkg' build argument 'cmake_clean_first' from command line to 'False'
[0.167s] Level 5:colcon.colcon_core.verb:set package 'behaviour_planner_pkg' build argument 'cmake_force_configure' from command line to 'False'
[0.167s] Level 5:colcon.colcon_core.verb:set package 'behaviour_planner_pkg' build argument 'ament_cmake_args' from command line to 'None'
[0.167s] Level 5:colcon.colcon_core.verb:set package 'behaviour_planner_pkg' build argument 'catkin_cmake_args' from command line to 'None'
[0.167s] Level 5:colcon.colcon_core.verb:set package 'behaviour_planner_pkg' build argument 'catkin_skip_building_tests' from command line to 'False'
[0.167s] DEBUG:colcon.colcon_core.verb:Building package 'behaviour_planner_pkg' with the following arguments: {'ament_cmake_args': None, 'build_base': '/root/ros2_ws/build/behaviour_planner_pkg', 'catkin_cmake_args': None, 'catkin_skip_building_tests': False, 'cmake_args': None, 'cmake_clean_cache': False, 'cmake_clean_first': False, 'cmake_force_configure': False, 'cmake_target': None, 'cmake_target_skip_unavailable': False, 'install_base': '/root/ros2_ws/install/behaviour_planner_pkg', 'merge_install': False, 'path': '/root/ros2_ws/src/behaviour_planner_pkg', 'symlink_install': False, 'test_result_base': None}
[0.167s] INFO:colcon.colcon_core.executor:Executing jobs using 'parallel' executor
[0.168s] DEBUG:colcon.colcon_parallel_executor.executor.parallel:run_until_complete
[0.168s] INFO:colcon.colcon_ros.task.ament_cmake.build:Building ROS package in '/root/ros2_ws/src/autodrive_msgs' with build type 'ament_cmake'
[0.168s] INFO:colcon.colcon_cmake.task.cmake.build:Building CMake package in '/root/ros2_ws/src/autodrive_msgs'
[0.169s] INFO:colcon.colcon_core.plugin_system:Skipping extension 'colcon_core.shell.bat': Not used on non-Windows systems
[0.169s] INFO:colcon.colcon_core.shell:Skip shell extension 'powershell' for command environment: Not usable outside of PowerShell
[0.169s] DEBUG:colcon.colcon_core.shell:Skip shell extension 'dsv' for command environment
[0.171s] INFO:colcon.colcon_ros.task.ament_python.build:Building ROS package in '/root/ros2_ws/src/my_test_pkg' with build type 'ament_python'
[0.171s] Level 1:colcon.colcon_core.shell:create_environment_hook('my_test_pkg', 'ament_prefix_path')
[0.171s] INFO:colcon.colcon_core.shell:Creating environment hook '/root/ros2_ws/install/my_test_pkg/share/my_test_pkg/hook/ament_prefix_path.ps1'
[0.172s] INFO:colcon.colcon_core.shell:Creating environment descriptor '/root/ros2_ws/install/my_test_pkg/share/my_test_pkg/hook/ament_prefix_path.dsv'
[0.172s] INFO:colcon.colcon_core.shell:Creating environment hook '/root/ros2_ws/install/my_test_pkg/share/my_test_pkg/hook/ament_prefix_path.sh'
[0.172s] INFO:colcon.colcon_core.shell:Skip shell extension 'powershell' for command environment: Not usable outside of PowerShell
[0.172s] DEBUG:colcon.colcon_core.shell:Skip shell extension 'dsv' for command environment
[0.177s] DEBUG:colcon.colcon_core.event_handler.log_command:Invoking command in '/root/ros2_ws/build/autodrive_msgs': CMAKE_PREFIX_PATH=${CMAKE_PREFIX_PATH}:/root/ros2_ws/install/behaviour_planner_pkg:/root/ros2_ws/install/my_test_pkg:/opt/ros/humble /usr/bin/cmake --build /root/ros2_ws/build/autodrive_msgs -- -j5 -l5
[0.376s] INFO:colcon.colcon_core.task.python.build:Building Python package in '/root/ros2_ws/src/my_test_pkg'
[0.376s] INFO:colcon.colcon_core.shell:Skip shell extension 'powershell' for command environment: Not usable outside of PowerShell
[0.376s] DEBUG:colcon.colcon_core.shell:Skip shell extension 'dsv' for command environment
[0.467s] DEBUG:colcon.colcon_core.event_handler.log_command:Invoked command in '/root/ros2_ws/build/autodrive_msgs' returned '0': CMAKE_PREFIX_PATH=${CMAKE_PREFIX_PATH}:/root/ros2_ws/install/behaviour_planner_pkg:/root/ros2_ws/install/my_test_pkg:/opt/ros/humble /usr/bin/cmake --build /root/ros2_ws/build/autodrive_msgs -- -j5 -l5
[0.471s] DEBUG:colcon.colcon_core.event_handler.log_command:Invoking command in '/root/ros2_ws/build/autodrive_msgs': CMAKE_PREFIX_PATH=${CMAKE_PREFIX_PATH}:/root/ros2_ws/install/behaviour_planner_pkg:/root/ros2_ws/install/my_test_pkg:/opt/ros/humble /usr/bin/cmake --install /root/ros2_ws/build/autodrive_msgs
[0.510s] Level 1:colcon.colcon_core.environment:create_environment_scripts_only(autodrive_msgs)
[0.511s] Level 1:colcon.colcon_core.environment:checking '/root/ros2_ws/install/autodrive_msgs' for CMake module files
[0.511s] Level 1:colcon.colcon_core.environment:checking '/root/ros2_ws/install/autodrive_msgs' for CMake config files
[0.511s] Level 1:colcon.colcon_core.shell:create_environment_hook('autodrive_msgs', 'cmake_prefix_path')
[0.512s] INFO:colcon.colcon_core.shell:Creating environment hook '/root/ros2_ws/install/autodrive_msgs/share/autodrive_msgs/hook/cmake_prefix_path.ps1'
[0.512s] INFO:colcon.colcon_core.shell:Creating environment descriptor '/root/ros2_ws/install/autodrive_msgs/share/autodrive_msgs/hook/cmake_prefix_path.dsv'
[0.512s] INFO:colcon.colcon_core.shell:Creating environment hook '/root/ros2_ws/install/autodrive_msgs/share/autodrive_msgs/hook/cmake_prefix_path.sh'
[0.512s] Level 1:colcon.colcon_core.environment:checking '/root/ros2_ws/install/autodrive_msgs/lib'
[0.512s] Level 1:colcon.colcon_core.shell:create_environment_hook('autodrive_msgs', 'ld_library_path_lib')
[0.512s] INFO:colcon.colcon_core.shell:Creating environment hook '/root/ros2_ws/install/autodrive_msgs/share/autodrive_msgs/hook/ld_library_path_lib.ps1'
[0.513s] INFO:colcon.colcon_core.shell:Creating environment descriptor '/root/ros2_ws/install/autodrive_msgs/share/autodrive_msgs/hook/ld_library_path_lib.dsv'
[0.513s] INFO:colcon.colcon_core.shell:Creating environment hook '/root/ros2_ws/install/autodrive_msgs/share/autodrive_msgs/hook/ld_library_path_lib.sh'
[0.513s] Level 1:colcon.colcon_core.environment:checking '/root/ros2_ws/install/autodrive_msgs/bin'
[0.513s] Level 1:colcon.colcon_core.environment:checking '/root/ros2_ws/install/autodrive_msgs/lib/pkgconfig/autodrive_msgs.pc'
[0.513s] Level 1:colcon.colcon_core.environment:checking '/root/ros2_ws/install/autodrive_msgs/lib/python3.10/site-packages'
[0.513s] Level 1:colcon.colcon_core.environment:checking '/root/ros2_ws/install/autodrive_msgs/bin'
[0.513s] INFO:colcon.colcon_core.shell:Creating package script '/root/ros2_ws/install/autodrive_msgs/share/autodrive_msgs/package.ps1'
[0.514s] INFO:colcon.colcon_core.shell:Creating package descriptor '/root/ros2_ws/install/autodrive_msgs/share/autodrive_msgs/package.dsv'
[0.514s] INFO:colcon.colcon_core.shell:Creating package script '/root/ros2_ws/install/autodrive_msgs/share/autodrive_msgs/package.sh'
[0.514s] INFO:colcon.colcon_core.shell:Creating package script '/root/ros2_ws/install/autodrive_msgs/share/autodrive_msgs/package.bash'
[0.514s] INFO:colcon.colcon_core.shell:Creating package script '/root/ros2_ws/install/autodrive_msgs/share/autodrive_msgs/package.zsh'
[0.515s] Level 1:colcon.colcon_core.environment:create_file_with_runtime_dependencies(/root/ros2_ws/install/autodrive_msgs/share/colcon-core/packages/autodrive_msgs)
[0.515s] Level 1:colcon.colcon_core.environment:create_environment_scripts_only(autodrive_msgs)
[0.515s] Level 1:colcon.colcon_core.environment:checking '/root/ros2_ws/install/autodrive_msgs' for CMake module files
[0.515s] Level 1:colcon.colcon_core.environment:checking '/root/ros2_ws/install/autodrive_msgs' for CMake config files
[0.516s] Level 1:colcon.colcon_core.shell:create_environment_hook('autodrive_msgs', 'cmake_prefix_path')
[0.516s] INFO:colcon.colcon_core.shell:Creating environment hook '/root/ros2_ws/install/autodrive_msgs/share/autodrive_msgs/hook/cmake_prefix_path.ps1'
[0.516s] INFO:colcon.colcon_core.shell:Creating environment descriptor '/root/ros2_ws/install/autodrive_msgs/share/autodrive_msgs/hook/cmake_prefix_path.dsv'
[0.516s] INFO:colcon.colcon_core.shell:Creating environment hook '/root/ros2_ws/install/autodrive_msgs/share/autodrive_msgs/hook/cmake_prefix_path.sh'
[0.516s] Level 1:colcon.colcon_core.environment:checking '/root/ros2_ws/install/autodrive_msgs/lib'
[0.516s] Level 1:colcon.colcon_core.shell:create_environment_hook('autodrive_msgs', 'ld_library_path_lib')
[0.516s] INFO:colcon.colcon_core.shell:Creating environment hook '/root/ros2_ws/install/autodrive_msgs/share/autodrive_msgs/hook/ld_library_path_lib.ps1'
[0.516s] INFO:colcon.colcon_core.shell:Creating environment descriptor '/root/ros2_ws/install/autodrive_msgs/share/autodrive_msgs/hook/ld_library_path_lib.dsv'
[0.516s] INFO:colcon.colcon_core.shell:Creating environment hook '/root/ros2_ws/install/autodrive_msgs/share/autodrive_msgs/hook/ld_library_path_lib.sh'
[0.517s] Level 1:colcon.colcon_core.environment:checking '/root/ros2_ws/install/autodrive_msgs/bin'
[0.517s] Level 1:colcon.colcon_core.environment:checking '/root/ros2_ws/install/autodrive_msgs/lib/pkgconfig/autodrive_msgs.pc'
[0.517s] Level 1:colcon.colcon_core.environment:checking '/root/ros2_ws/install/autodrive_msgs/lib/python3.10/site-packages'
[0.517s] Level 1:colcon.colcon_core.environment:checking '/root/ros2_ws/install/autodrive_msgs/bin'
[0.517s] INFO:colcon.colcon_core.shell:Creating package script '/root/ros2_ws/install/autodrive_msgs/share/autodrive_msgs/package.ps1'
[0.517s] INFO:colcon.colcon_core.shell:Creating package descriptor '/root/ros2_ws/install/autodrive_msgs/share/autodrive_msgs/package.dsv'
[0.518s] INFO:colcon.colcon_core.shell:Creating package script '/root/ros2_ws/install/autodrive_msgs/share/autodrive_msgs/package.sh'
[0.518s] INFO:colcon.colcon_core.shell:Creating package script '/root/ros2_ws/install/autodrive_msgs/share/autodrive_msgs/package.bash'
[0.518s] INFO:colcon.colcon_core.shell:Creating package script '/root/ros2_ws/install/autodrive_msgs/share/autodrive_msgs/package.zsh'
[0.518s] Level 1:colcon.colcon_core.environment:create_file_with_runtime_dependencies(/root/ros2_ws/install/autodrive_msgs/share/colcon-core/packages/autodrive_msgs)
[0.518s] INFO:colcon.colcon_ros.task.ament_python.build:Building ROS package in '/root/ros2_ws/src/behaviour_planner_pkg' with build type 'ament_python'
[0.518s] Level 1:colcon.colcon_core.shell:create_environment_hook('behaviour_planner_pkg', 'ament_prefix_path')
[0.518s] INFO:colcon.colcon_core.shell:Creating environment hook '/root/ros2_ws/install/behaviour_planner_pkg/share/behaviour_planner_pkg/hook/ament_prefix_path.ps1'
[0.519s] INFO:colcon.colcon_core.shell:Creating environment descriptor '/root/ros2_ws/install/behaviour_planner_pkg/share/behaviour_planner_pkg/hook/ament_prefix_path.dsv'
[0.519s] INFO:colcon.colcon_core.shell:Creating environment hook '/root/ros2_ws/install/behaviour_planner_pkg/share/behaviour_planner_pkg/hook/ament_prefix_path.sh'
[0.519s] INFO:colcon.colcon_core.shell:Skip shell extension 'powershell' for command environment: Not usable outside of PowerShell
[0.519s] DEBUG:colcon.colcon_core.shell:Skip shell extension 'dsv' for command environment
[0.523s] DEBUG:colcon.colcon_core.event_handler.log_command:Invoked command in '/root/ros2_ws/build/autodrive_msgs' returned '0': CMAKE_PREFIX_PATH=${CMAKE_PREFIX_PATH}:/root/ros2_ws/install/behaviour_planner_pkg:/root/ros2_ws/install/my_test_pkg:/opt/ros/humble /usr/bin/cmake --install /root/ros2_ws/build/autodrive_msgs
[0.686s] INFO:colcon.colcon_core.task.python.build:Building Python package in '/root/ros2_ws/src/behaviour_planner_pkg'
[0.686s] INFO:colcon.colcon_core.shell:Skip shell extension 'powershell' for command environment: Not usable outside of PowerShell
[0.686s] DEBUG:colcon.colcon_core.shell:Skip shell extension 'dsv' for command environment
[0.689s] DEBUG:colcon.colcon_core.event_handler.log_command:Invoking command in '/root/ros2_ws/src/my_test_pkg': PYTHONPATH=/root/ros2_ws/build/my_test_pkg/prefix_override:/usr/lib/python3/dist-packages/colcon_core/task/python/colcon_distutils_commands:/root/ros2_ws/install/my_test_pkg/lib/python3.10/site-packages:${PYTHONPATH} /usr/bin/python3 -W ignore:setup.py install is deprecated -W ignore:easy_install command is deprecated setup.py egg_info --egg-base ../../build/my_test_pkg build --build-base /root/ros2_ws/build/my_test_pkg/build install --record /root/ros2_ws/build/my_test_pkg/install.log --single-version-externally-managed install_data
[0.867s] Level 1:colcon.colcon_core.environment:checking '/root/ros2_ws/install/my_test_pkg' for CMake module files
[0.867s] DEBUG:colcon.colcon_core.event_handler.log_command:Invoked command in '/root/ros2_ws/src/my_test_pkg' returned '0': PYTHONPATH=/root/ros2_ws/build/my_test_pkg/prefix_override:/usr/lib/python3/dist-packages/colcon_core/task/python/colcon_distutils_commands:/root/ros2_ws/install/my_test_pkg/lib/python3.10/site-packages:${PYTHONPATH} /usr/bin/python3 -W ignore:setup.py install is deprecated -W ignore:easy_install command is deprecated setup.py egg_info --egg-base ../../build/my_test_pkg build --build-base /root/ros2_ws/build/my_test_pkg/build install --record /root/ros2_ws/build/my_test_pkg/install.log --single-version-externally-managed install_data
[0.868s] Level 1:colcon.colcon_core.environment:checking '/root/ros2_ws/install/my_test_pkg' for CMake config files
[0.868s] Level 1:colcon.colcon_core.environment:checking '/root/ros2_ws/install/my_test_pkg/lib'
[0.868s] Level 1:colcon.colcon_core.environment:checking '/root/ros2_ws/install/my_test_pkg/bin'
[0.868s] Level 1:colcon.colcon_core.environment:checking '/root/ros2_ws/install/my_test_pkg/lib/pkgconfig/my_test_pkg.pc'
[0.868s] Level 1:colcon.colcon_core.environment:checking '/root/ros2_ws/install/my_test_pkg/lib/python3.10/site-packages'
[0.868s] Level 1:colcon.colcon_core.shell:create_environment_hook('my_test_pkg', 'pythonpath')
[0.868s] INFO:colcon.colcon_core.shell:Creating environment hook '/root/ros2_ws/install/my_test_pkg/share/my_test_pkg/hook/pythonpath.ps1'
[0.868s] INFO:colcon.colcon_core.shell:Creating environment descriptor '/root/ros2_ws/install/my_test_pkg/share/my_test_pkg/hook/pythonpath.dsv'
[0.869s] INFO:colcon.colcon_core.shell:Creating environment hook '/root/ros2_ws/install/my_test_pkg/share/my_test_pkg/hook/pythonpath.sh'
[0.869s] Level 1:colcon.colcon_core.environment:checking '/root/ros2_ws/install/my_test_pkg/bin'
[0.869s] Level 1:colcon.colcon_core.environment:create_environment_scripts_only(my_test_pkg)
[0.869s] INFO:colcon.colcon_core.shell:Creating package script '/root/ros2_ws/install/my_test_pkg/share/my_test_pkg/package.ps1'
[0.869s] INFO:colcon.colcon_core.shell:Creating package descriptor '/root/ros2_ws/install/my_test_pkg/share/my_test_pkg/package.dsv'
[0.869s] INFO:colcon.colcon_core.shell:Creating package script '/root/ros2_ws/install/my_test_pkg/share/my_test_pkg/package.sh'
[0.870s] INFO:colcon.colcon_core.shell:Creating package script '/root/ros2_ws/install/my_test_pkg/share/my_test_pkg/package.bash'
[0.870s] INFO:colcon.colcon_core.shell:Creating package script '/root/ros2_ws/install/my_test_pkg/share/my_test_pkg/package.zsh'
[0.870s] Level 1:colcon.colcon_core.environment:create_file_with_runtime_dependencies(/root/ros2_ws/install/my_test_pkg/share/colcon-core/packages/my_test_pkg)
[0.890s] DEBUG:colcon.colcon_core.event_handler.log_command:Invoking command in '/root/ros2_ws/src/behaviour_planner_pkg': PYTHONPATH=/root/ros2_ws/build/behaviour_planner_pkg/prefix_override:/usr/lib/python3/dist-packages/colcon_core/task/python/colcon_distutils_commands:/root/ros2_ws/install/behaviour_planner_pkg/lib/python3.10/site-packages:${PYTHONPATH} /usr/bin/python3 -W ignore:setup.py install is deprecated -W ignore:easy_install command is deprecated setup.py egg_info --egg-base ../../build/behaviour_planner_pkg build --build-base /root/ros2_ws/build/behaviour_planner_pkg/build install --record /root/ros2_ws/build/behaviour_planner_pkg/install.log --single-version-externally-managed install_data
[1.053s] Level 1:colcon.colcon_core.environment:checking '/root/ros2_ws/install/behaviour_planner_pkg' for CMake module files
[1.053s] DEBUG:colcon.colcon_core.event_handler.log_command:Invoked command in '/root/ros2_ws/src/behaviour_planner_pkg' returned '0': PYTHONPATH=/root/ros2_ws/build/behaviour_planner_pkg/prefix_override:/usr/lib/python3/dist-packages/colcon_core/task/python/colcon_distutils_commands:/root/ros2_ws/install/behaviour_planner_pkg/lib/python3.10/site-packages:${PYTHONPATH} /usr/bin/python3 -W ignore:setup.py install is deprecated -W ignore:easy_install command is deprecated setup.py egg_info --egg-base ../../build/behaviour_planner_pkg build --build-base /root/ros2_ws/build/behaviour_planner_pkg/build install --record /root/ros2_ws/build/behaviour_planner_pkg/install.log --single-version-externally-managed install_data
[1.053s] Level 1:colcon.colcon_core.environment:checking '/root/ros2_ws/install/behaviour_planner_pkg' for CMake config files
[1.054s] Level 1:colcon.colcon_core.environment:checking '/root/ros2_ws/install/behaviour_planner_pkg/lib'
[1.054s] Level 1:colcon.colcon_core.environment:checking '/root/ros2_ws/install/behaviour_planner_pkg/bin'
[1.054s] Level 1:colcon.colcon_core.environment:checking '/root/ros2_ws/install/behaviour_planner_pkg/lib/pkgconfig/behaviour_planner_pkg.pc'
[1.054s] Level 1:colcon.colcon_core.environment:checking '/root/ros2_ws/install/behaviour_planner_pkg/lib/python3.10/site-packages'
[1.054s] Level 1:colcon.colcon_core.shell:create_environment_hook('behaviour_planner_pkg', 'pythonpath')
[1.054s] INFO:colcon.colcon_core.shell:Creating environment hook '/root/ros2_ws/install/behaviour_planner_pkg/share/behaviour_planner_pkg/hook/pythonpath.ps1'
[1.054s] INFO:colcon.colcon_core.shell:Creating environment descriptor '/root/ros2_ws/install/behaviour_planner_pkg/share/behaviour_planner_pkg/hook/pythonpath.dsv'
[1.054s] INFO:colcon.colcon_core.shell:Creating environment hook '/root/ros2_ws/install/behaviour_planner_pkg/share/behaviour_planner_pkg/hook/pythonpath.sh'
[1.054s] Level 1:colcon.colcon_core.environment:checking '/root/ros2_ws/install/behaviour_planner_pkg/bin'
[1.054s] Level 1:colcon.colcon_core.environment:create_environment_scripts_only(behaviour_planner_pkg)
[1.055s] INFO:colcon.colcon_core.shell:Creating package script '/root/ros2_ws/install/behaviour_planner_pkg/share/behaviour_planner_pkg/package.ps1'
[1.055s] INFO:colcon.colcon_core.shell:Creating package descriptor '/root/ros2_ws/install/behaviour_planner_pkg/share/behaviour_planner_pkg/package.dsv'
[1.055s] INFO:colcon.colcon_core.shell:Creating package script '/root/ros2_ws/install/behaviour_planner_pkg/share/behaviour_planner_pkg/package.sh'
[1.055s] INFO:colcon.colcon_core.shell:Creating package script '/root/ros2_ws/install/behaviour_planner_pkg/share/behaviour_planner_pkg/package.bash'
[1.055s] INFO:colcon.colcon_core.shell:Creating package script '/root/ros2_ws/install/behaviour_planner_pkg/share/behaviour_planner_pkg/package.zsh'
[1.055s] Level 1:colcon.colcon_core.environment:create_file_with_runtime_dependencies(/root/ros2_ws/install/behaviour_planner_pkg/share/colcon-core/packages/behaviour_planner_pkg)
[1.056s] DEBUG:colcon.colcon_parallel_executor.executor.parallel:closing loop
[1.056s] DEBUG:colcon.colcon_parallel_executor.executor.parallel:loop closed
[1.056s] DEBUG:colcon.colcon_parallel_executor.executor.parallel:run_until_complete finished with '0'
[1.056s] DEBUG:colcon.colcon_core.event_reactor:joining thread
[1.059s] INFO:colcon.colcon_core.plugin_system:Skipping extension 'colcon_notification.desktop_notification.notify_send': Could not find 'notify-send'
[1.059s] INFO:colcon.colcon_core.plugin_system:Skipping extension 'colcon_notification.desktop_notification.terminal_notifier': Not used on non-Darwin systems
[1.059s] INFO:colcon.colcon_core.plugin_system:Skipping extension 'colcon_notification.desktop_notification.win32': Not used on non-Windows systems
[1.059s] INFO:colcon.colcon_notification.desktop_notification:Sending desktop notification using 'notify2'
[1.060s] DEBUG:colcon.colcon_notification.desktop_notification.notify2:Failed to initialize notify2: org.freedesktop.DBus.Error.ServiceUnknown: The name org.freedesktop.Notifications was not provided by any .service files
[1.060s] DEBUG:colcon.colcon_core.event_reactor:joined thread
[1.060s] INFO:colcon.colcon_core.shell:Creating prefix script '/root/ros2_ws/install/local_setup.ps1'
[1.060s] INFO:colcon.colcon_core.shell:Creating prefix util module '/root/ros2_ws/install/_local_setup_util_ps1.py'
[1.061s] INFO:colcon.colcon_core.shell:Creating prefix chain script '/root/ros2_ws/install/setup.ps1'
[1.062s] INFO:colcon.colcon_core.shell:Creating prefix script '/root/ros2_ws/install/local_setup.sh'
[1.062s] INFO:colcon.colcon_core.shell:Creating prefix util module '/root/ros2_ws/install/_local_setup_util_sh.py'
[1.062s] INFO:colcon.colcon_core.shell:Creating prefix chain script '/root/ros2_ws/install/setup.sh'
[1.063s] INFO:colcon.colcon_core.shell:Creating prefix script '/root/ros2_ws/install/local_setup.bash'
[1.063s] INFO:colcon.colcon_core.shell:Creating prefix chain script '/root/ros2_ws/install/setup.bash'
[1.063s] INFO:colcon.colcon_core.shell:Creating prefix script '/root/ros2_ws/install/local_setup.zsh'
[1.063s] INFO:colcon.colcon_core.shell:Creating prefix chain script '/root/ros2_ws/install/setup.zsh'
